<?xml version="1.0" encoding="UTF-8"?>
<Site BuildName="(empty)"
	BuildStamp="20231030-1934-Experimental"
	Name="(empty)"
	Generator="ctest-3.22.1"
	CompilerName=""
	CompilerVersion=""
	OSName="Linux"
	Hostname="mdidukh-Predator"
	OSRelease="6.2.0-35-generic"
	OSVersion="#35~22.04.1-Ubuntu SMP PREEMPT_DYNAMIC Fri Oct  6 10:23:26 UTC 2"
	OSPlatform="x86_64"
	Is64Bits="1"
	VendorString="GenuineIntel"
	VendorID="Intel Corporation"
	FamilyID="6"
	ModelID="158"
	ProcessorCacheSize="9216"
	NumberOfLogicalCPU="12"
	NumberOfPhysicalCPU="6"
	TotalVirtualMemory="30719"
	TotalPhysicalMemory="31926"
	LogicalProcessorsPerPhysical="2"
	ProcessorClockFrequency="3765.86"
	>
	<Testing>
		<StartDateTime>Oct 30 20:34 CET</StartDateTime>
		<StartTestTime>1698694481</StartTestTime>
		<TestList/>
		<EndDateTime>Oct 30 20:34 CET</EndDateTime>
		<EndTestTime>1698694481</EndTestTime>
		<ElapsedMinutes>0</ElapsedMinutes>
	</Testing>
</Site>
