<?xml version="1.0" encoding="UTF-8"?>
<Site BuildName="(empty)"
	BuildStamp="20231104-0917-Experimental"
	Name="(empty)"
	Generator="ctest-3.22.1"
	CompilerName=""
	CompilerVersion=""
	OSName="Linux"
	Hostname="mdidukh-Predator"
	OSRelease="6.2.0-36-generic"
	OSVersion="#37~22.04.1-Ubuntu SMP PREEMPT_DYNAMIC Mon Oct  9 15:34:04 UTC 2"
	OSPlatform="x86_64"
	Is64Bits="1"
	VendorString="GenuineIntel"
	VendorID="Intel Corporation"
	FamilyID="6"
	ModelID="158"
	ProcessorCacheSize="9216"
	NumberOfLogicalCPU="12"
	NumberOfPhysicalCPU="6"
	TotalVirtualMemory="30719"
	TotalPhysicalMemory="31926"
	LogicalProcessorsPerPhysical="2"
	ProcessorClockFrequency="3744.04"
	>
	<Testing>
		<StartDateTime>Nov 04 10:49 CET</StartDateTime>
		<StartTestTime>1699091389</StartTestTime>
		<TestList/>
		<EndDateTime>Nov 04 10:49 CET</EndDateTime>
		<EndTestTime>1699091389</EndTestTime>
		<ElapsedMinutes>0</ElapsedMinutes>
	</Testing>
</Site>
